[debug] [2022-05-11T05:28:13.545Z] ----------------------------------------------------------------------
[debug] [2022-05-11T05:28:13.547Z] Command:       /usr/local/bin/node /usr/bin/firebase emulators:start
[debug] [2022-05-11T05:28:13.547Z] CLI Version:   8.15.1
[debug] [2022-05-11T05:28:13.547Z] Platform:      linux
[debug] [2022-05-11T05:28:13.547Z] Node Version:  v14.18.1
[debug] [2022-05-11T05:28:13.552Z] Time:          Wed May 11 2022 01:28:13 GMT-0400 (Eastern Daylight Time)
[debug] [2022-05-11T05:28:13.552Z] ----------------------------------------------------------------------
[debug] [2022-05-11T05:28:13.552Z] 
[debug] [2022-05-11T05:28:13.562Z] > command requires scopes: ["email","openid","https://www.googleapis.com/auth/cloudplatformprojects.readonly","https://www.googleapis.com/auth/firebase","https://www.googleapis.com/auth/cloud-platform"]
[debug] [2022-05-11T05:28:13.562Z] > authorizing via signed-in user
[info] i  emulators: Starting emulators: functions {"metadata":{"emulator":{"name":"hub"},"message":"Starting emulators: functions"}}
[debug] [2022-05-11T05:28:13.586Z] [hub] writing locator at /tmp/hub-restaurant-app-f93f0.json
[warn] ⚠  functions: The following emulators are not running, calls to these services from the Functions emulator will affect production: auth, firestore, database, hosting, pubsub {"metadata":{"emulator":{"name":"functions"},"message":"The following emulators are not running, calls to these services from the Functions emulator will affect production: \u001b[1mauth, firestore, database, hosting, pubsub\u001b[22m"}}
[warn] ⚠  Your requested "node" version "12" doesn't match your global version "14" {"metadata":{"emulator":{"name":"functions"},"message":"Your requested \"node\" version \"12\" doesn't match your global version \"14\""}}
[debug] [2022-05-11T05:28:13.616Z] defaultcredentials: writing to file /home/shakib/.config/firebase/nazia_haque.snh_gmail.com_application_default_credentials.json
[debug] [2022-05-11T05:28:13.618Z] Setting GAC to /home/shakib/.config/firebase/nazia_haque.snh_gmail.com_application_default_credentials.json {"metadata":{"emulator":{"name":"functions"},"message":"Setting GAC to /home/shakib/.config/firebase/nazia_haque.snh_gmail.com_application_default_credentials.json"}}
[debug] [2022-05-11T05:28:13.627Z] Ignoring unsupported arg: auto_download {"metadata":{"emulator":{"name":"ui"},"message":"Ignoring unsupported arg: auto_download"}}
[debug] [2022-05-11T05:28:13.628Z] Ignoring unsupported arg: port {"metadata":{"emulator":{"name":"ui"},"message":"Ignoring unsupported arg: port"}}
[debug] [2022-05-11T05:28:13.628Z] Starting Emulator UI with command {"binary":"node","args":["/home/shakib/.cache/firebase/emulators/ui-v1.2.2/server.bundle.js"],"optionalArgs":[],"joinArgs":false} {"metadata":{"emulator":{"name":"ui"},"message":"Starting Emulator UI with command {\"binary\":\"node\",\"args\":[\"/home/shakib/.cache/firebase/emulators/ui-v1.2.2/server.bundle.js\"],\"optionalArgs\":[],\"joinArgs\":false}"}}
[info] i  ui: Emulator UI logging to ui-debug.log {"metadata":{"emulator":{"name":"ui"},"message":"Emulator UI logging to \u001b[1mui-debug.log\u001b[22m"}}
[debug] [2022-05-11T05:28:13.713Z] Web / API server started at http://localhost:4000
 {"metadata":{"emulator":{"name":"ui"},"message":"Web / API server started at http://localhost:4000\n"}}
[info] i  functions: Watching "/home/shakib/Documents/nazia-study/internship/mar19/restaurantApp/restaurant-app/functions" for Cloud Functions... {"metadata":{"emulator":{"name":"functions"},"message":"Watching \"/home/shakib/Documents/nazia-study/internship/mar19/restaurantApp/restaurant-app/functions\" for Cloud Functions..."}}
[debug] [2022-05-11T05:28:13.900Z] [worker-pool] addWorker(~diagnostic~) {"metadata":{"emulator":{"name":"functions"},"message":"[worker-pool] addWorker(~diagnostic~)"}}
[debug] [2022-05-11T05:28:13.900Z] [worker-pool] Adding worker with key ~diagnostic~, total=1 {"metadata":{"emulator":{"name":"functions"},"message":"[worker-pool] Adding worker with key ~diagnostic~, total=1"}}
[debug] [2022-05-11T05:28:13.900Z] [worker-pool] submitWork(triggerId=) {"metadata":{"emulator":{"name":"functions"},"message":"[worker-pool] submitWork(triggerId=)"}}
[debug] [2022-05-11T05:28:13.901Z] [worker-~diagnostic~-b6a74615-0522-4f32-9089-9b577de6243a]: Assigning socketPath: /tmp/fire_emu_14016.sock {"metadata":{"emulator":{"name":"functions"},"message":"[worker-~diagnostic~-b6a74615-0522-4f32-9089-9b577de6243a]: Assigning socketPath: /tmp/fire_emu_14016.sock"}}
[debug] [2022-05-11T05:28:13.901Z] [worker-~diagnostic~-b6a74615-0522-4f32-9089-9b577de6243a]: BUSY {"metadata":{"emulator":{"name":"functions"},"message":"[worker-~diagnostic~-b6a74615-0522-4f32-9089-9b577de6243a]: BUSY"}}
[debug] [2022-05-11T05:28:14.094Z] [runtime-status] [14016] Functions runtime initialized. {"cwd":"/home/shakib/Documents/nazia-study/internship/mar19/restaurantApp/restaurant-app/functions","node_version":"14.18.1"} {"metadata":{"emulator":{"name":"functions"},"message":"[runtime-status] [14016] Functions runtime initialized. {\"cwd\":\"/home/shakib/Documents/nazia-study/internship/mar19/restaurantApp/restaurant-app/functions\",\"node_version\":\"14.18.1\"}"}}
[debug] [2022-05-11T05:28:14.096Z] [runtime-status] [14016] Disabled runtime features: undefined {"metadata":{"emulator":{"name":"functions"},"message":"[runtime-status] [14016] Disabled runtime features: undefined"}}
[debug] [2022-05-11T05:28:14.099Z] [runtime-status] [14016] Resolved module firebase-admin {"declared":true,"installed":true,"version":"9.12.0","resolution":"/home/shakib/Documents/nazia-study/internship/mar19/restaurantApp/restaurant-app/functions/node_modules/firebase-admin/lib/index.js"} {"metadata":{"emulator":{"name":"functions"},"message":"[runtime-status] [14016] Resolved module firebase-admin {\"declared\":true,\"installed\":true,\"version\":\"9.12.0\",\"resolution\":\"/home/shakib/Documents/nazia-study/internship/mar19/restaurantApp/restaurant-app/functions/node_modules/firebase-admin/lib/index.js\"}"}}
[debug] [2022-05-11T05:28:14.102Z] [runtime-status] [14016] Resolved module firebase-functions {"declared":true,"installed":true,"version":"3.20.1","resolution":"/home/shakib/Documents/nazia-study/internship/mar19/restaurantApp/restaurant-app/functions/node_modules/firebase-functions/lib/index.js"} {"metadata":{"emulator":{"name":"functions"},"message":"[runtime-status] [14016] Resolved module firebase-functions {\"declared\":true,\"installed\":true,\"version\":\"3.20.1\",\"resolution\":\"/home/shakib/Documents/nazia-study/internship/mar19/restaurantApp/restaurant-app/functions/node_modules/firebase-functions/lib/index.js\"}"}}
[debug] [2022-05-11T05:28:14.103Z] [runtime-status] [14016] Resolved module firebase-functions {"declared":true,"installed":true,"version":"3.20.1","resolution":"/home/shakib/Documents/nazia-study/internship/mar19/restaurantApp/restaurant-app/functions/node_modules/firebase-functions/lib/index.js"} {"metadata":{"emulator":{"name":"functions"},"message":"[runtime-status] [14016] Resolved module firebase-functions {\"declared\":true,\"installed\":true,\"version\":\"3.20.1\",\"resolution\":\"/home/shakib/Documents/nazia-study/internship/mar19/restaurantApp/restaurant-app/functions/node_modules/firebase-functions/lib/index.js\"}"}}
[debug] [2022-05-11T05:28:14.105Z] [runtime-status] [14016] Outgoing network have been stubbed. [{"name":"http","status":"mocked"},{"name":"http","status":"mocked"},{"name":"https","status":"mocked"},{"name":"https","status":"mocked"},{"name":"net","status":"mocked"}] {"metadata":{"emulator":{"name":"functions"},"message":"[runtime-status] [14016] Outgoing network have been stubbed. [{\"name\":\"http\",\"status\":\"mocked\"},{\"name\":\"http\",\"status\":\"mocked\"},{\"name\":\"https\",\"status\":\"mocked\"},{\"name\":\"https\",\"status\":\"mocked\"},{\"name\":\"net\",\"status\":\"mocked\"}]"}}
[debug] [2022-05-11T05:28:14.106Z] [runtime-status] [14016] Resolved module firebase-functions {"declared":true,"installed":true,"version":"3.20.1","resolution":"/home/shakib/Documents/nazia-study/internship/mar19/restaurantApp/restaurant-app/functions/node_modules/firebase-functions/lib/index.js"} {"metadata":{"emulator":{"name":"functions"},"message":"[runtime-status] [14016] Resolved module firebase-functions {\"declared\":true,\"installed\":true,\"version\":\"3.20.1\",\"resolution\":\"/home/shakib/Documents/nazia-study/internship/mar19/restaurantApp/restaurant-app/functions/node_modules/firebase-functions/lib/index.js\"}"}}
[debug] [2022-05-11T05:28:14.290Z] [runtime-status] [14016] Checked functions.config() {"config":{}} {"metadata":{"emulator":{"name":"functions"},"message":"[runtime-status] [14016] Checked functions.config() {\"config\":{}}"}}
[debug] [2022-05-11T05:28:14.290Z] [runtime-status] [14016] firebase-functions has been stubbed. {"functionsResolution":{"declared":true,"installed":true,"version":"3.20.1","resolution":"/home/shakib/Documents/nazia-study/internship/mar19/restaurantApp/restaurant-app/functions/node_modules/firebase-functions/lib/index.js"}} {"metadata":{"emulator":{"name":"functions"},"message":"[runtime-status] [14016] firebase-functions has been stubbed. {\"functionsResolution\":{\"declared\":true,\"installed\":true,\"version\":\"3.20.1\",\"resolution\":\"/home/shakib/Documents/nazia-study/internship/mar19/restaurantApp/restaurant-app/functions/node_modules/firebase-functions/lib/index.js\"}}"}}
[debug] [2022-05-11T05:28:14.291Z] [runtime-status] [14016] Resolved module firebase-functions {"declared":true,"installed":true,"version":"3.20.1","resolution":"/home/shakib/Documents/nazia-study/internship/mar19/restaurantApp/restaurant-app/functions/node_modules/firebase-functions/lib/index.js"} {"metadata":{"emulator":{"name":"functions"},"message":"[runtime-status] [14016] Resolved module firebase-functions {\"declared\":true,\"installed\":true,\"version\":\"3.20.1\",\"resolution\":\"/home/shakib/Documents/nazia-study/internship/mar19/restaurantApp/restaurant-app/functions/node_modules/firebase-functions/lib/index.js\"}"}}
[debug] [2022-05-11T05:28:14.291Z] [runtime-status] [14016] Resolved module firebase-admin {"declared":true,"installed":true,"version":"9.12.0","resolution":"/home/shakib/Documents/nazia-study/internship/mar19/restaurantApp/restaurant-app/functions/node_modules/firebase-admin/lib/index.js"} {"metadata":{"emulator":{"name":"functions"},"message":"[runtime-status] [14016] Resolved module firebase-admin {\"declared\":true,\"installed\":true,\"version\":\"9.12.0\",\"resolution\":\"/home/shakib/Documents/nazia-study/internship/mar19/restaurantApp/restaurant-app/functions/node_modules/firebase-admin/lib/index.js\"}"}}
[debug] [2022-05-11T05:28:14.292Z] [runtime-status] [14016] Resolved module firebase-functions {"declared":true,"installed":true,"version":"3.20.1","resolution":"/home/shakib/Documents/nazia-study/internship/mar19/restaurantApp/restaurant-app/functions/node_modules/firebase-functions/lib/index.js"} {"metadata":{"emulator":{"name":"functions"},"message":"[runtime-status] [14016] Resolved module firebase-functions {\"declared\":true,\"installed\":true,\"version\":\"3.20.1\",\"resolution\":\"/home/shakib/Documents/nazia-study/internship/mar19/restaurantApp/restaurant-app/functions/node_modules/firebase-functions/lib/index.js\"}"}}
[debug] [2022-05-11T05:28:14.292Z] [runtime-status] [14016] firebase-admin has been stubbed. {"adminResolution":{"declared":true,"installed":true,"version":"9.12.0","resolution":"/home/shakib/Documents/nazia-study/internship/mar19/restaurantApp/restaurant-app/functions/node_modules/firebase-admin/lib/index.js"}} {"metadata":{"emulator":{"name":"functions"},"message":"[runtime-status] [14016] firebase-admin has been stubbed. {\"adminResolution\":{\"declared\":true,\"installed\":true,\"version\":\"9.12.0\",\"resolution\":\"/home/shakib/Documents/nazia-study/internship/mar19/restaurantApp/restaurant-app/functions/node_modules/firebase-admin/lib/index.js\"}}"}}
[info] ✔  functions[api]: http function initialized (http://localhost:5001/restaurant-app-f93f0/us-central1/api). {"metadata":{"emulator":{"name":"functions"},"message":"\u001b[1mhttp\u001b[22m function initialized (http://localhost:5001/restaurant-app-f93f0/us-central1/api)."}}
[info] 
┌───────────────────────────────────────────────────────────────────────┐
│ ✔  All emulators ready! View status and logs at http://localhost:4000 │
└───────────────────────────────────────────────────────────────────────┘

┌───────────┬────────────────┬─────────────────────────────────┐
│ Emulator  │ Host:Port      │ View in Emulator UI             │
├───────────┼────────────────┼─────────────────────────────────┤
│ Functions │ localhost:5001 │ http://localhost:4000/functions │
└───────────┴────────────────┴─────────────────────────────────┘
  Other reserved ports: 4400, 4500

Issues? Report them at https://github.com/firebase/firebase-tools/issues and attach the *-debug.log files.
 
[debug] [2022-05-11T05:28:14.441Z] [worker-~diagnostic~-b6a74615-0522-4f32-9089-9b577de6243a]: IDLE {"metadata":{"emulator":{"name":"functions"},"message":"[worker-~diagnostic~-b6a74615-0522-4f32-9089-9b577de6243a]: IDLE"}}
